<?xml version="1.0" encoding="UTF-8"?>
<!-- Generated by org.testng.reporters.JUnitXMLReporter -->
<testsuite ignored="0" hostname="Rimas-MacBook-Pro.local" failures="1" tests="1" name="LandingPageTest" time="4.944" errors="0" timestamp="19 Apr 2024 22:10:40 GMT">
  <testcase classname="com.crm.testcases.CRMTestcases" name="crmTestcases" time="0.006">
    <failure type="java.lang.IllegalArgumentException" message="Driver must be set">
      <![CDATA[java.lang.IllegalArgumentException: Driver must be set
at org.openqa.selenium.internal.Require.nonNull(Require.java:60)
at org.openqa.selenium.interactions.Actions.<init>(Actions.java:59)
at basePage.BasePage.<init>(BasePage.java:11)
at pages.LandingPage.<init>(LandingPage.java:13)
at com.crm.testcases.CRMTestcases.crmTestcases(CRMTestcases.java:17)
... Removed 25 stack frames]]>
    </failure>
  </testcase> <!-- crmTestcases -->
</testsuite> <!-- LandingPageTest -->
