<?xml version="1.0" encoding="UTF-8"?>
<testng-results ignored="0" total="1" passed="1" failed="0" skipped="0">
  <reporter-output>
  </reporter-output>
  <suite started-at="2024-04-19T23:02:54Z" name="Default suite" finished-at="2024-04-19T23:03:10Z" duration-ms="15579">
    <groups>
    </groups>
    <test started-at="2024-04-19T23:02:54Z" name="Default test" finished-at="2024-04-19T23:03:10Z" duration-ms="15579">
      <class name="com.crm.testcases.CRMTestcases">
        <test-method is-config="true" signature="setUp()[pri:0, instance:com.crm.testcases.CRMTestcases@476b0ae6]" started-at="2024-04-19T23:02:54Z" name="setUp" finished-at="2024-04-19T23:03:00Z" duration-ms="5921" status="PASS">
          <reporter-output>
          </reporter-output>
        </test-method> <!-- setUp -->
        <test-method signature="crmTestcases()[pri:0, instance:com.crm.testcases.CRMTestcases@476b0ae6]" started-at="2024-04-19T23:03:00Z" name="crmTestcases" finished-at="2024-04-19T23:03:10Z" duration-ms="9405" status="PASS">
          <reporter-output>
          </reporter-output>
        </test-method> <!-- crmTestcases -->
        <test-method is-config="true" signature="tearDown()[pri:0, instance:com.crm.testcases.CRMTestcases@476b0ae6]" started-at="2024-04-19T23:03:10Z" name="tearDown" finished-at="2024-04-19T23:03:10Z" duration-ms="239" status="PASS">
          <reporter-output>
          </reporter-output>
        </test-method> <!-- tearDown -->
      </class> <!-- com.crm.testcases.CRMTestcases -->
    </test> <!-- Default test -->
  </suite> <!-- Default suite -->
</testng-results>
