<?xml version="1.0" encoding="UTF-8"?>
<testng-results ignored="0" total="1" passed="1" failed="0" skipped="0">
  <reporter-output>
  </reporter-output>
  <suite started-at="2024-04-19T23:47:41Z" name="Default suite" finished-at="2024-04-19T23:48:01Z" duration-ms="20159">
    <groups>
    </groups>
    <test started-at="2024-04-19T23:47:41Z" name="Default test" finished-at="2024-04-19T23:48:01Z" duration-ms="20159">
      <class name="com.crm.testcases.CRMTestcases">
        <test-method is-config="true" signature="setUp()[pri:0, instance:com.crm.testcases.CRMTestcases@476b0ae6]" started-at="2024-04-19T23:47:41Z" name="setUp" finished-at="2024-04-19T23:47:46Z" duration-ms="4823" status="PASS">
          <reporter-output>
          </reporter-output>
        </test-method> <!-- setUp -->
        <test-method signature="crmTestcases()[pri:0, instance:com.crm.testcases.CRMTestcases@476b0ae6]" started-at="2024-04-19T23:47:46Z" name="crmTestcases" finished-at="2024-04-19T23:48:01Z" duration-ms="15070" status="PASS">
          <reporter-output>
          </reporter-output>
        </test-method> <!-- crmTestcases -->
        <test-method is-config="true" signature="tearDown()[pri:0, instance:com.crm.testcases.CRMTestcases@476b0ae6]" started-at="2024-04-19T23:48:01Z" name="tearDown" finished-at="2024-04-19T23:48:01Z" duration-ms="252" status="PASS">
          <reporter-output>
          </reporter-output>
        </test-method> <!-- tearDown -->
      </class> <!-- com.crm.testcases.CRMTestcases -->
    </test> <!-- Default test -->
  </suite> <!-- Default suite -->
</testng-results>
